{
  "stats": {
    "suites": 1,
    "tests": 1,
    "passes": 0,
    "pending": 0,
    "failures": 1,
    "start": "2024-11-14T09:05:29.220Z",
    "end": "2024-11-14T09:05:42.237Z",
    "duration": 13017,
    "testsRegistered": 1,
    "passPercent": 0,
    "pendingPercent": 0,
    "other": 0,
    "hasOther": false,
    "skipped": 0,
    "hasSkipped": false
  },
  "results": [
    {
      "uuid": "054bf3b4-bbc8-46d9-9fb8-069a30a2beb7",
      "title": "",
      "fullFile": "cypress\\e2e\\datadriventesting.cy.js",
      "file": "cypress\\e2e\\datadriventesting.cy.js",
      "beforeHooks": [],
      "afterHooks": [],
      "tests": [],
      "suites": [
        {
          "uuid": "a1362a1a-ca32-44cb-9e09-173c740dd89b",
          "title": "tempelate spec",
          "fullFile": "",
          "file": "",
          "beforeHooks": [],
          "afterHooks": [],
          "tests": [
            {
              "title": "data driven testing",
              "fullTitle": "tempelate spec data driven testing",
              "timedOut": null,
              "duration": 7444,
              "state": "failed",
              "speed": null,
              "pass": false,
              "fail": true,
              "pending": false,
              "context": null,
              "code": "cy.visit(\"https://opensource-demo.orangehrmlive.com/web/index.php/auth/login\");\ncy.fixture(\"orangeHrm\").then(data => {\n  cy.get(\"input[placeholder='Username']\").type(data.username);\n  cy.get(\"input[placeholder='Password']\").type(data.password);\n  cy.get(\"button[type='submit']\").click();\n  cy.get(\":nth-child(2) > .oxd-main-menu-item > .oxd-text\").should(\"have.text\", data.expected);\n});",
              "err": {
                "message": "AssertionError: Timed out retrying after 4000ms: Expected to find element: `input[placeholder='Username']`, but never found it.",
                "estack": "AssertionError: Timed out retrying after 4000ms: Expected to find element: `input[placeholder='Username']`, but never found it.\n    at Context.eval (webpack:///./cypress/e2e/datadriventesting.cy.js:7:9)",
                "diff": null
              },
              "uuid": "15ba74f9-7317-4335-8627-d9547bc62673",
              "parentUUID": "a1362a1a-ca32-44cb-9e09-173c740dd89b",
              "isHook": false,
              "skipped": false
            }
          ],
          "suites": [],
          "passes": [],
          "failures": [
            "15ba74f9-7317-4335-8627-d9547bc62673"
          ],
          "pending": [],
          "skipped": [],
          "duration": 7444,
          "root": false,
          "rootEmpty": false,
          "_timeout": 2000
        }
      ],
      "passes": [],
      "failures": [],
      "pending": [],
      "skipped": [],
      "duration": 0,
      "root": true,
      "rootEmpty": true,
      "_timeout": 2000
    }
  ],
  "meta": {
    "mocha": {
      "version": "7.0.1"
    },
    "mochawesome": {
      "options": {
        "quiet": false,
        "reportFilename": "mochawesome",
        "saveHtml": false,
        "saveJson": true,
        "consoleReporter": "spec",
        "useInlineDiffs": false,
        "code": true
      },
      "version": "7.1.3"
    },
    "marge": {
      "options": {
        "overwrite": false,
        "html": false,
        "json": true,
        "reportDir": "cypress\\reports\\html\\.jsons"
      },
      "version": "6.2.0"
    }
  }
}