{
  "stats": {
    "suites": 1,
    "tests": 1,
    "passes": 1,
    "pending": 0,
    "failures": 0,
    "start": "2024-11-14T09:06:13.332Z",
    "end": "2024-11-14T09:06:13.457Z",
    "duration": 125,
    "testsRegistered": 1,
    "passPercent": 100,
    "pendingPercent": 0,
    "other": 0,
    "hasOther": false,
    "skipped": 0,
    "hasSkipped": false
  },
  "results": [
    {
      "uuid": "8a93a12d-eb4f-4e94-8f60-fac652a39c31",
      "title": "",
      "fullFile": "cypress\\e2e\\httprequest.cy.js",
      "file": "cypress\\e2e\\httprequest.cy.js",
      "beforeHooks": [],
      "afterHooks": [],
      "tests": [],
      "suites": [
        {
          "uuid": "84bafd79-6df1-40e2-b68a-07fabddc4a3b",
          "title": "HTTP Request",
          "fullFile": "",
          "file": "",
          "beforeHooks": [],
          "afterHooks": [],
          "tests": [
            {
              "title": "Get Call",
              "fullTitle": "HTTP Request Get Call",
              "timedOut": null,
              "duration": 60,
              "state": "passed",
              "speed": "fast",
              "pass": true,
              "fail": false,
              "pending": false,
              "context": null,
              "code": "// cy.request(\"GET\", \"https://jsonplaceholder.typicode.com/posts/1\")\n//   .its(\"status\")\n//   .should(\"equal\", 200);\nit(\"POST Call\", () => {\n  cy.request({\n    method: \"POST\",\n    url: \"https://jsonplaceholder.typicode.come/posts\",\n    body: {\n      title: \"post call\",\n      body: \"call\",\n      userID: 1\n    }\n  }).its(\"status\").should(\"equal\", 201);\n});",
              "err": {},
              "uuid": "fe8caf7a-d219-4751-885c-708ef49ff2a8",
              "parentUUID": "84bafd79-6df1-40e2-b68a-07fabddc4a3b",
              "isHook": false,
              "skipped": false
            }
          ],
          "suites": [],
          "passes": [
            "fe8caf7a-d219-4751-885c-708ef49ff2a8"
          ],
          "failures": [],
          "pending": [],
          "skipped": [],
          "duration": 60,
          "root": false,
          "rootEmpty": false,
          "_timeout": 2000
        }
      ],
      "passes": [],
      "failures": [],
      "pending": [],
      "skipped": [],
      "duration": 0,
      "root": true,
      "rootEmpty": true,
      "_timeout": 2000
    }
  ],
  "meta": {
    "mocha": {
      "version": "7.0.1"
    },
    "mochawesome": {
      "options": {
        "quiet": false,
        "reportFilename": "mochawesome",
        "saveHtml": false,
        "saveJson": true,
        "consoleReporter": "spec",
        "useInlineDiffs": false,
        "code": true
      },
      "version": "7.1.3"
    },
    "marge": {
      "options": {
        "overwrite": false,
        "html": false,
        "json": true,
        "reportDir": "cypress\\reports\\html\\.jsons"
      },
      "version": "6.2.0"
    }
  }
}