{
  "stats": {
    "suites": 1,
    "tests": 1,
    "passes": 1,
    "pending": 0,
    "failures": 0,
    "start": "2024-11-14T09:07:21.629Z",
    "end": "2024-11-14T09:07:22.665Z",
    "duration": 1036,
    "testsRegistered": 1,
    "passPercent": 100,
    "pendingPercent": 0,
    "other": 0,
    "hasOther": false,
    "skipped": 0,
    "hasSkipped": false
  },
  "results": [
    {
      "uuid": "d031b7d9-c22d-4380-84c2-e239d243de22",
      "title": "",
      "fullFile": "cypress\\e2e\\API TESTING\\Httpsrequestpost1.cy.js",
      "file": "cypress\\e2e\\API TESTING\\Httpsrequestpost1.cy.js",
      "beforeHooks": [],
      "afterHooks": [],
      "tests": [],
      "suites": [
        {
          "uuid": "2e8c0894-d2d3-4522-9003-9297b22d3968",
          "title": "HTTP request",
          "fullFile": "",
          "file": "",
          "beforeHooks": [],
          "afterHooks": [],
          "tests": [
            {
              "title": "POST Call",
              "fullTitle": "HTTP request POST Call",
              "timedOut": null,
              "duration": 936,
              "state": "passed",
              "speed": "fast",
              "pass": true,
              "fail": false,
              "pending": false,
              "context": null,
              "code": "var pattern = \"ABCDEFGHIJKLMNOPQRSTUVWXYZabcdefghijklmnopqrstuvwxyz\";\nfor (var i = 0; i < 10; i++) randomText += pattern.charAt(Math.floor(Math.random() * pattern.length));\ntestEmail = randomText + \"@gmail.com\";\ncy.request({\n  method: \"POST\",\n  url: \"https://gorest.co.in/public/v2/users\",\n  headers: {\n    authorization: \"Bearer \" + accessToken\n  },\n  body: {\n    name: \"mango\",\n    email: testEmail,\n    gender: \"male\",\n    status: \"active\"\n  }\n}).then(res => {\n  cy.log(JSON.stringify(res));\n  expect(res.status).to.eq(201);\n  expect(res.body).has.property(\"email\", testEmail);\n  expect(res.body).has.property(\"status\", \"active\");\n});",
              "err": {},
              "uuid": "a78fcc46-fdd2-48dc-9eff-3bfb3dd6149e",
              "parentUUID": "2e8c0894-d2d3-4522-9003-9297b22d3968",
              "isHook": false,
              "skipped": false
            }
          ],
          "suites": [],
          "passes": [
            "a78fcc46-fdd2-48dc-9eff-3bfb3dd6149e"
          ],
          "failures": [],
          "pending": [],
          "skipped": [],
          "duration": 936,
          "root": false,
          "rootEmpty": false,
          "_timeout": 2000
        }
      ],
      "passes": [],
      "failures": [],
      "pending": [],
      "skipped": [],
      "duration": 0,
      "root": true,
      "rootEmpty": true,
      "_timeout": 2000
    }
  ],
  "meta": {
    "mocha": {
      "version": "7.0.1"
    },
    "mochawesome": {
      "options": {
        "quiet": false,
        "reportFilename": "mochawesome",
        "saveHtml": false,
        "saveJson": true,
        "consoleReporter": "spec",
        "useInlineDiffs": false,
        "code": true
      },
      "version": "7.1.3"
    },
    "marge": {
      "options": {
        "overwrite": false,
        "html": false,
        "json": true,
        "reportDir": "cypress\\reports\\html\\.jsons"
      },
      "version": "6.2.0"
    }
  }
}