{
  "stats": {
    "suites": 1,
    "tests": 1,
    "passes": 1,
    "pending": 0,
    "failures": 0,
    "start": "2024-11-14T09:07:26.334Z",
    "end": "2024-11-14T09:07:26.907Z",
    "duration": 573,
    "testsRegistered": 1,
    "passPercent": 100,
    "pendingPercent": 0,
    "other": 0,
    "hasOther": false,
    "skipped": 0,
    "hasSkipped": false
  },
  "results": [
    {
      "uuid": "25aac45f-87ed-4d78-b487-4ca55cedc6d0",
      "title": "",
      "fullFile": "cypress\\e2e\\API TESTING\\Httpsrequestput.cy.js",
      "file": "cypress\\e2e\\API TESTING\\Httpsrequestput.cy.js",
      "beforeHooks": [],
      "afterHooks": [],
      "tests": [],
      "suites": [
        {
          "uuid": "cd282669-61fb-4882-95c1-c6d0aea22c19",
          "title": "HTTP request",
          "fullFile": "",
          "file": "",
          "beforeHooks": [],
          "afterHooks": [],
          "tests": [
            {
              "title": "PUT Call",
              "fullTitle": "HTTP request PUT Call",
              "timedOut": null,
              "duration": 433,
              "state": "passed",
              "speed": "fast",
              "pass": true,
              "fail": false,
              "pending": false,
              "context": null,
              "code": "var pattern = \"ABCDEFGHIJKLMNOPQRSTUVWXYZabcdefghijklmnopqrstuvwxyz\";\nfor (var i = 0; i < 10; i++) randomText += pattern.charAt(Math.floor(Math.random() * pattern.length));\ntestEmail = randomText + \"@gmail.com\";\ncy.request({\n  method: \"PUT\",\n  url: \"https://gorest.co.in/public/v2/users/7523676\",\n  headers: {\n    authorization: \"Bearer \" + accessToken\n  },\n  body: {\n    name: \"bhai\",\n    email: testEmail,\n    gender: \"female\",\n    status: \"active\"\n  }\n}).then(res => {\n  cy.log(JSON.stringify(res));\n  expect(res.status).to.eq(200);\n  expect(res.body).has.property(\"email\", testEmail);\n  expect(res.body).has.property(\"gender\", \"female\");\n});",
              "err": {},
              "uuid": "66dd2f34-9fb5-4451-850b-92fe946ff703",
              "parentUUID": "cd282669-61fb-4882-95c1-c6d0aea22c19",
              "isHook": false,
              "skipped": false
            }
          ],
          "suites": [],
          "passes": [
            "66dd2f34-9fb5-4451-850b-92fe946ff703"
          ],
          "failures": [],
          "pending": [],
          "skipped": [],
          "duration": 433,
          "root": false,
          "rootEmpty": false,
          "_timeout": 2000
        }
      ],
      "passes": [],
      "failures": [],
      "pending": [],
      "skipped": [],
      "duration": 0,
      "root": true,
      "rootEmpty": true,
      "_timeout": 2000
    }
  ],
  "meta": {
    "mocha": {
      "version": "7.0.1"
    },
    "mochawesome": {
      "options": {
        "quiet": false,
        "reportFilename": "mochawesome",
        "saveHtml": false,
        "saveJson": true,
        "consoleReporter": "spec",
        "useInlineDiffs": false,
        "code": true
      },
      "version": "7.1.3"
    },
    "marge": {
      "options": {
        "overwrite": false,
        "html": false,
        "json": true,
        "reportDir": "cypress\\reports\\html\\.jsons"
      },
      "version": "6.2.0"
    }
  }
}