{
  "stats": {
    "suites": 1,
    "tests": 1,
    "passes": 0,
    "pending": 0,
    "failures": 1,
    "start": "2024-11-14T09:07:04.443Z",
    "end": "2024-11-14T09:07:09.088Z",
    "duration": 4645,
    "testsRegistered": 1,
    "passPercent": 0,
    "pendingPercent": 0,
    "other": 0,
    "hasOther": false,
    "skipped": 0,
    "hasSkipped": false
  },
  "results": [
    {
      "uuid": "d2ade87f-1acc-4554-8204-bc736518658a",
      "title": "",
      "fullFile": "cypress\\e2e\\API TESTING\\HTTPSREQUESTPOST.cy.js",
      "file": "cypress\\e2e\\API TESTING\\HTTPSREQUESTPOST.cy.js",
      "beforeHooks": [],
      "afterHooks": [],
      "tests": [],
      "suites": [
        {
          "uuid": "6195220b-8331-4d0a-8e53-adc23c7800f0",
          "title": "HTTP request",
          "fullFile": "",
          "file": "",
          "beforeHooks": [],
          "afterHooks": [],
          "tests": [
            {
              "title": "POST Call",
              "fullTitle": "HTTP request POST Call",
              "timedOut": null,
              "duration": 4469,
              "state": "failed",
              "speed": null,
              "pass": false,
              "fail": true,
              "pending": false,
              "context": null,
              "code": "cy.request({\n  method: \"POST\",\n  url: \"https://gorest.co.in/public/v2/users\",\n  headers: {\n    authorization: \"Bearer \" + accessToken\n  },\n  body: {\n    name: \"mango\",\n    email: \"gayu1@gmail.com\",\n    gender: \"male\",\n    status: \"active\"\n  }\n}).then(res => {\n  cy.log(JSON.stringify(res));\n  expect(res.status).to.eq(201);\n  expect(res.body).has.property(\"email\", \"gayu1@gmail.com\");\n  expect(res.body).has.property(\"status\", \"active\");\n});",
              "err": {
                "message": "CypressError: `cy.request()` failed on:\n\nhttps://gorest.co.in/public/v2/users\n\nThe response we received from your web server was:\n\n  > 422: Unprocessable Entity\n\nThis was considered a failure because the status code was not `2xx` or `3xx`.\n\nIf you do not want status codes to cause failures pass the option: `failOnStatusCode: false`\n\n-----------------------------------------------------------\n\nThe request we sent was:\n\nMethod: POST\nURL: https://gorest.co.in/public/v2/users\nHeaders: {\n  \"Connection\": \"keep-alive\",\n  \"authorization\": \"Bearer 77054797b26f3ba82323dad211a1cc4024c9b8481b3b3df6c5ffcd9f79947b6a\",\n  \"user-agent\": \"Mozilla/5.0 (Windows NT 10.0; Win64; x64) AppleWebKit/537.36 (KHTML, like Gecko) Cypress/13.15.2 Chrome/118.0.5993.159 Electron/27.3.10 Safari/537.36\",\n  \"accept\": \"*/*\",\n  \"accept-encoding\": \"gzip, deflate\",\n  \"content-type\": \"application/json\",\n  \"content-length\": 76\n}\nBody: {\"name\":\"mango\",\"email\":\"gayu1@gmail.com\",\"gender\":\"male\",\"status\":\"active\"}\n\n-----------------------------------------------------------\n\nThe response we got was:\n\nStatus: 422 - Unprocessable Entity\nHeaders: {\n  \"date\": \"Thu, 14 Nov 2024 09:07:09 GMT\",\n  \"content-type\": \"application/json; charset=utf-8\",\n  \"content-length\": \"54\",\n  \"connection\": \"keep-alive\",\n  \"cache-control\": \"no-cache\",\n  \"referrer-policy\": \"strict-origin-when-cross-origin\",\n  \"vary\": \"Origin\",\n  \"x-content-type-options\": \"nosniff\",\n  \"x-download-options\": \"noopen\",\n  \"x-frame-options\": \"SAMEORIGIN\",\n  \"x-permitted-cross-domain-policies\": \"none\",\n  \"x-ratelimit-limit\": \"90\",\n  \"x-ratelimit-remaining\": \"88\",\n  \"x-ratelimit-reset\": \"1\",\n  \"x-request-id\": \"ea59330f-b9e3-4eb4-8d93-4047670cc826\",\n  \"x-runtime\": \"0.091466\",\n  \"x-xss-protection\": \"0\",\n  \"cf-cache-status\": \"DYNAMIC\",\n  \"report-to\": \"{\\\"endpoints\\\":[{\\\"url\\\":\\\"https:\\\\/\\\\/a.nel.cloudflare.com\\\\/report\\\\/v4?s=U%2BVPwZv5Dyw2dBdyjiC8pJAcwIF1xtF3%2FQcTOxrG1gTCtNy8hqdDJAoIbPmkgGwcFbN7rDx%2BBHyhcZO0zCrHqKCav05gANg8HUlJvuyIHcQ3QQ4H3xeog7v0hWBWA%2FI%3D\\\"}],\\\"group\\\":\\\"cf-nel\\\",\\\"max_age\\\":604800}\",\n  \"nel\": \"{\\\"success_fraction\\\":0,\\\"report_to\\\":\\\"cf-nel\\\",\\\"max_age\\\":604800}\",\n  \"server\": \"cloudflare\",\n  \"cf-ray\": \"8e25d97c6ecb8368-SIN\",\n  \"alt-svc\": \"h3=\\\":443\\\"; ma=86400\",\n  \"server-timing\": \"cfL4;desc=\\\"?proto=TCP&rtt=31977&sent=6&recv=7&lost=0&retrans=0&sent_bytes=2918&recv_bytes=971&delivery_rate=135555&cwnd=252&unsent_bytes=0&cid=df2a26d8b03a4543&ts=558&x=0\\\"\"\n}\nBody: [\n  {\n    \"field\": \"email\",\n    \"message\": \"has already been taken\"\n  }\n]\n\n\nhttps://on.cypress.io/request",
                "estack": "CypressError: `cy.request()` failed on:\n\nhttps://gorest.co.in/public/v2/users\n\nThe response we received from your web server was:\n\n  > 422: Unprocessable Entity\n\nThis was considered a failure because the status code was not `2xx` or `3xx`.\n\nIf you do not want status codes to cause failures pass the option: `failOnStatusCode: false`\n\n-----------------------------------------------------------\n\nThe request we sent was:\n\nMethod: POST\nURL: https://gorest.co.in/public/v2/users\nHeaders: {\n  \"Connection\": \"keep-alive\",\n  \"authorization\": \"Bearer 77054797b26f3ba82323dad211a1cc4024c9b8481b3b3df6c5ffcd9f79947b6a\",\n  \"user-agent\": \"Mozilla/5.0 (Windows NT 10.0; Win64; x64) AppleWebKit/537.36 (KHTML, like Gecko) Cypress/13.15.2 Chrome/118.0.5993.159 Electron/27.3.10 Safari/537.36\",\n  \"accept\": \"*/*\",\n  \"accept-encoding\": \"gzip, deflate\",\n  \"content-type\": \"application/json\",\n  \"content-length\": 76\n}\nBody: {\"name\":\"mango\",\"email\":\"gayu1@gmail.com\",\"gender\":\"male\",\"status\":\"active\"}\n\n-----------------------------------------------------------\n\nThe response we got was:\n\nStatus: 422 - Unprocessable Entity\nHeaders: {\n  \"date\": \"Thu, 14 Nov 2024 09:07:09 GMT\",\n  \"content-type\": \"application/json; charset=utf-8\",\n  \"content-length\": \"54\",\n  \"connection\": \"keep-alive\",\n  \"cache-control\": \"no-cache\",\n  \"referrer-policy\": \"strict-origin-when-cross-origin\",\n  \"vary\": \"Origin\",\n  \"x-content-type-options\": \"nosniff\",\n  \"x-download-options\": \"noopen\",\n  \"x-frame-options\": \"SAMEORIGIN\",\n  \"x-permitted-cross-domain-policies\": \"none\",\n  \"x-ratelimit-limit\": \"90\",\n  \"x-ratelimit-remaining\": \"88\",\n  \"x-ratelimit-reset\": \"1\",\n  \"x-request-id\": \"ea59330f-b9e3-4eb4-8d93-4047670cc826\",\n  \"x-runtime\": \"0.091466\",\n  \"x-xss-protection\": \"0\",\n  \"cf-cache-status\": \"DYNAMIC\",\n  \"report-to\": \"{\\\"endpoints\\\":[{\\\"url\\\":\\\"https:\\\\/\\\\/a.nel.cloudflare.com\\\\/report\\\\/v4?s=U%2BVPwZv5Dyw2dBdyjiC8pJAcwIF1xtF3%2FQcTOxrG1gTCtNy8hqdDJAoIbPmkgGwcFbN7rDx%2BBHyhcZO0zCrHqKCav05gANg8HUlJvuyIHcQ3QQ4H3xeog7v0hWBWA%2FI%3D\\\"}],\\\"group\\\":\\\"cf-nel\\\",\\\"max_age\\\":604800}\",\n  \"nel\": \"{\\\"success_fraction\\\":0,\\\"report_to\\\":\\\"cf-nel\\\",\\\"max_age\\\":604800}\",\n  \"server\": \"cloudflare\",\n  \"cf-ray\": \"8e25d97c6ecb8368-SIN\",\n  \"alt-svc\": \"h3=\\\":443\\\"; ma=86400\",\n  \"server-timing\": \"cfL4;desc=\\\"?proto=TCP&rtt=31977&sent=6&recv=7&lost=0&retrans=0&sent_bytes=2918&recv_bytes=971&delivery_rate=135555&cwnd=252&unsent_bytes=0&cid=df2a26d8b03a4543&ts=558&x=0\\\"\"\n}\nBody: [\n  {\n    \"field\": \"email\",\n    \"message\": \"has already been taken\"\n  }\n]\n\n\nhttps://on.cypress.io/request\n    at <unknown> (http://localhost:62533/__cypress/runner/cypress_runner.js:132719:72)\n    at tryCatcher (http://localhost:62533/__cypress/runner/cypress_runner.js:1807:23)\n    at Promise._settlePromiseFromHandler (http://localhost:62533/__cypress/runner/cypress_runner.js:1519:31)\n    at Promise._settlePromise (http://localhost:62533/__cypress/runner/cypress_runner.js:1576:18)\n    at Promise._settlePromise0 (http://localhost:62533/__cypress/runner/cypress_runner.js:1621:10)\n    at Promise._settlePromises (http://localhost:62533/__cypress/runner/cypress_runner.js:1701:18)\n    at _drainQueueStep (http://localhost:62533/__cypress/runner/cypress_runner.js:2407:12)\n    at _drainQueue (http://localhost:62533/__cypress/runner/cypress_runner.js:2400:9)\n    at Async._drainQueues (http://localhost:62533/__cypress/runner/cypress_runner.js:2416:5)\n    at Async.drainQueues (http://localhost:62533/__cypress/runner/cypress_runner.js:2286:14)\nFrom Your Spec Code:\n    at Context.eval (webpack:///./cypress/e2e/API TESTING/HTTPSREQUESTPOST.cy.js:7:7)",
                "diff": null
              },
              "uuid": "75ede84d-8708-405c-b1ea-da9ddc749083",
              "parentUUID": "6195220b-8331-4d0a-8e53-adc23c7800f0",
              "isHook": false,
              "skipped": false
            }
          ],
          "suites": [],
          "passes": [],
          "failures": [
            "75ede84d-8708-405c-b1ea-da9ddc749083"
          ],
          "pending": [],
          "skipped": [],
          "duration": 4469,
          "root": false,
          "rootEmpty": false,
          "_timeout": 2000
        }
      ],
      "passes": [],
      "failures": [],
      "pending": [],
      "skipped": [],
      "duration": 0,
      "root": true,
      "rootEmpty": true,
      "_timeout": 2000
    }
  ],
  "meta": {
    "mocha": {
      "version": "7.0.1"
    },
    "mochawesome": {
      "options": {
        "quiet": false,
        "reportFilename": "mochawesome",
        "saveHtml": false,
        "saveJson": true,
        "consoleReporter": "spec",
        "useInlineDiffs": false,
        "code": true
      },
      "version": "7.1.3"
    },
    "marge": {
      "options": {
        "overwrite": false,
        "html": false,
        "json": true,
        "reportDir": "cypress\\reports\\html\\.jsons"
      },
      "version": "6.2.0"
    }
  }
}