{
  "stats": {
    "suites": 1,
    "tests": 1,
    "passes": 1,
    "pending": 0,
    "failures": 0,
    "start": "2024-11-14T09:05:56.154Z",
    "end": "2024-11-14T09:06:09.713Z",
    "duration": 13559,
    "testsRegistered": 1,
    "passPercent": 100,
    "pendingPercent": 0,
    "other": 0,
    "hasOther": false,
    "skipped": 0,
    "hasSkipped": false
  },
  "results": [
    {
      "uuid": "77e23962-e22f-4009-8612-c8e3bd5f5f10",
      "title": "",
      "fullFile": "cypress\\e2e\\fileupload.cy.js",
      "file": "cypress\\e2e\\fileupload.cy.js",
      "beforeHooks": [],
      "afterHooks": [],
      "tests": [],
      "suites": [
        {
          "uuid": "a55f30be-2c3e-41ad-92ee-2b692f6630f1",
          "title": "cypress file upload",
          "fullFile": "",
          "file": "",
          "beforeHooks": [],
          "afterHooks": [],
          "tests": [
            {
              "title": "example to demostrate file upload",
              "fullTitle": "cypress file upload example to demostrate file upload",
              "timedOut": null,
              "duration": 6027,
              "state": "passed",
              "speed": "medium",
              "pass": true,
              "fail": false,
              "pending": false,
              "context": null,
              "code": "cy.get(\"input[type='file']\").attachFile(\"demo qa.png\");\ncy.get(\"#file-submit\").click();\ncy.get(\"#uploaded-files\").contains(\"demo qa.png\");",
              "err": {},
              "uuid": "1cc33bb2-6aa9-4c73-8eec-3e4a0b9eb73e",
              "parentUUID": "a55f30be-2c3e-41ad-92ee-2b692f6630f1",
              "isHook": false,
              "skipped": false
            }
          ],
          "suites": [],
          "passes": [
            "1cc33bb2-6aa9-4c73-8eec-3e4a0b9eb73e"
          ],
          "failures": [],
          "pending": [],
          "skipped": [],
          "duration": 6027,
          "root": false,
          "rootEmpty": false,
          "_timeout": 2000
        }
      ],
      "passes": [],
      "failures": [],
      "pending": [],
      "skipped": [],
      "duration": 0,
      "root": true,
      "rootEmpty": true,
      "_timeout": 2000
    }
  ],
  "meta": {
    "mocha": {
      "version": "7.0.1"
    },
    "mochawesome": {
      "options": {
        "quiet": false,
        "reportFilename": "mochawesome",
        "saveHtml": false,
        "saveJson": true,
        "consoleReporter": "spec",
        "useInlineDiffs": false,
        "code": true
      },
      "version": "7.1.3"
    },
    "marge": {
      "options": {
        "overwrite": false,
        "html": false,
        "json": true,
        "reportDir": "cypress\\reports\\html\\.jsons"
      },
      "version": "6.2.0"
    }
  }
}