{
  "stats": {
    "suites": 1,
    "tests": 1,
    "passes": 0,
    "pending": 0,
    "failures": 1,
    "start": "2024-11-14T09:06:17.641Z",
    "end": "2024-11-14T09:06:27.697Z",
    "duration": 10056,
    "testsRegistered": 1,
    "passPercent": 0,
    "pendingPercent": 0,
    "other": 0,
    "hasOther": false,
    "skipped": 0,
    "hasSkipped": false
  },
  "results": [
    {
      "uuid": "cd64131a-013a-4c80-ad24-bdb46a518582",
      "title": "",
      "fullFile": "cypress\\e2e\\loginwithpom.cy.js",
      "file": "cypress\\e2e\\loginwithpom.cy.js",
      "beforeHooks": [],
      "afterHooks": [],
      "tests": [],
      "suites": [
        {
          "uuid": "ec917e2d-16a1-4cc1-b7ba-1922d06bf97f",
          "title": "tempelate spec",
          "fullFile": "",
          "file": "",
          "beforeHooks": [],
          "afterHooks": [],
          "tests": [
            {
              "title": "POM TC login",
              "fullTitle": "tempelate spec POM TC login",
              "timedOut": null,
              "duration": 7051,
              "state": "failed",
              "speed": null,
              "pass": false,
              "fail": true,
              "pending": false,
              "context": null,
              "code": "cy.visit(\"https://opensource-demo.orangehrmlive.com/web/index.php/auth/login\");\nconst ln = new _loginpage.default();\nln.setUserName(\"Admin\");\nln.setPassword(\"admin123\");\nln.clickSubmit();\nln.verifyLogin();",
              "err": {
                "message": "AssertionError: Timed out retrying after 4000ms: Expected to find element: `input[placeholder='Username']`, but never found it.",
                "estack": "AssertionError: Timed out retrying after 4000ms: Expected to find element: `input[placeholder='Username']`, but never found it.\n    at login.setUserName (webpack:///./cypress/pageobject/loginpage.js:3:7)\n    at Context.eval (webpack:///./cypress/e2e/loginwithpom.cy.js:8:7)",
                "diff": null
              },
              "uuid": "40688e3a-76e3-43eb-97c3-183243353215",
              "parentUUID": "ec917e2d-16a1-4cc1-b7ba-1922d06bf97f",
              "isHook": false,
              "skipped": false
            }
          ],
          "suites": [],
          "passes": [],
          "failures": [
            "40688e3a-76e3-43eb-97c3-183243353215"
          ],
          "pending": [],
          "skipped": [],
          "duration": 7051,
          "root": false,
          "rootEmpty": false,
          "_timeout": 2000
        }
      ],
      "passes": [],
      "failures": [],
      "pending": [],
      "skipped": [],
      "duration": 0,
      "root": true,
      "rootEmpty": true,
      "_timeout": 2000
    }
  ],
  "meta": {
    "mocha": {
      "version": "7.0.1"
    },
    "mochawesome": {
      "options": {
        "quiet": false,
        "reportFilename": "mochawesome",
        "saveHtml": false,
        "saveJson": true,
        "consoleReporter": "spec",
        "useInlineDiffs": false,
        "code": true
      },
      "version": "7.1.3"
    },
    "marge": {
      "options": {
        "overwrite": false,
        "html": false,
        "json": true,
        "reportDir": "cypress\\reports\\html\\.jsons"
      },
      "version": "6.2.0"
    }
  }
}